Arguments: 
  /home/dan/.nvm/versions/node/v16.16.0/bin/node /home/dan/.nvm/versions/node/v16.16.0/bin/yarn add -D nodemon

PATH: 
  /home/dan/.nvm/versions/node/v16.16.0/bin:/usr/local/sbin:/usr/local/bin:/usr/sbin:/usr/bin:/sbin:/bin:/usr/games:/usr/local/games:/usr/lib/wsl/lib:/mnt/c/Windows/system32:/mnt/c/Windows:/mnt/c/Windows/System32/Wbem:/mnt/c/Windows/System32/WindowsPowerShell/v1.0/:/mnt/c/Windows/System32/OpenSSH/:/mnt/c/ProgramData/chocolatey/bin:/mnt/c/Program Files/Microsoft VS Code/bin:/mnt/c/Program Files/Git/cmd:/mnt/c/Program Files/Intel/WiFi/bin/:/mnt/c/Program Files/Common Files/Intel/WirelessCommon/:/mnt/c/Program Files/Docker/Docker/resources/bin:/mnt/c/ProgramData/DockerDesktop/version-bin:/mnt/c/Users/dan/AppData/Local/Microsoft/WindowsApps:/snap/bin

Yarn version: 
  1.22.19

Node version: 
  16.16.0

Platform: 
  linux x64

Trace: 
  Error: getaddrinfo EAI_AGAIN registry.yarnpkg.com
      at GetAddrInfoReqWrap.onlookup [as oncomplete] (node:dns:71:26)

npm manifest: 
  {
    "name": "cell3d",
    "version": "1.0.0",
    "description": "Demo 3D cell image viewer",
    "main": "index.js",
    "scripts": {
      "test": "echo \"Error: no test specified\" && exit 1"
    },
    "repository": {
      "type": "git",
      "url": "git+https://github.com/flyiniggle/cell_3d.git"
    },
    "author": "Dan Thompson",
    "license": "ISC",
    "bugs": {
      "url": "https://github.com/flyiniggle/cell_3d/issues"
    },
    "homepage": "https://github.com/flyiniggle/cell_3d#readme"
  }

yarn manifest: 
  No manifest

Lockfile: 
  No lockfile
